2019-08-13 15:14:05,285 INFO [it.unitn.disi.sweb.core.common.config.PropertySourceFactory] - Loading properties 'sweb-default.properties'
   from:   URL [jar:file:/home/simo/.m2/repository/it/unitn/disi/sweb/sweb-commons/2.10.0-SNAPSHOT/sweb-commons-2.10.0-SNAPSHOT.jar!/META-INF/sweb-default.properties]
2019-08-13 15:14:05,288 INFO [it.unitn.disi.sweb.core.common.config.PropertySourceFactory] - Loading properties 'sweb-kb.properties'
   from:   URL [jar:file:/home/simo/.m2/repository/it/unitn/disi/sweb/sweb-kb/2.10.0-SNAPSHOT/sweb-kb-2.10.0-SNAPSHOT.jar!/META-INF/sweb-kb.properties]
2019-08-13 15:14:05,288 INFO [it.unitn.disi.sweb.core.common.config.PropertySourceFactory] - Root path : /home/simo/UniTn/git/db-language-converter/./conf/
2019-08-13 15:14:05,290 INFO [it.unitn.disi.sweb.core.common.config.PropertySourceFactory] - Loading property file 'override.properties'
  from:  /home/simo/UniTn/git/db-language-converter/./conf/override.properties
2019-08-13 15:14:05,411 INFO [com.mchange.v2.log.MLog] - MLog clients using log4j logging.
2019-08-13 15:14:05,503 INFO [com.mchange.v2.c3p0.C3P0Registry] - Initializing c3p0-0.9.1.2 [built 21-May-2007 15:04:56; debug? true; trace: 10]
2019-08-13 15:14:05,651 WARN [org.hibernate.ejb.HibernatePersistence] - HHH015016: Encountered a deprecated javax.persistence.spi.PersistenceProvider [org.hibernate.ejb.HibernatePersistence]; use [org.hibernate.jpa.HibernatePersistenceProvider] instead.
2019-08-13 15:14:06,046 INFO [com.mchange.v2.c3p0.impl.AbstractPoolBackedDataSource] - Initializing c3p0 pool... com.mchange.v2.c3p0.ComboPooledDataSource [ acquireIncrement -> 3, acquireRetryAttempts -> 30, acquireRetryDelay -> 1000, autoCommitOnClose -> false, automaticTestTable -> null, breakAfterAcquireFailure -> false, checkoutTimeout -> 0, connectionCustomizerClassName -> null, connectionTesterClassName -> com.mchange.v2.c3p0.impl.DefaultConnectionTester, dataSourceName -> z8kfsxa412lkn3xvbm1bu|49c66ade, debugUnreturnedConnectionStackTraces -> false, description -> null, driverClass -> org.postgresql.Driver, factoryClassLocation -> null, forceIgnoreUnresolvedTransactions -> false, identityToken -> z8kfsxa412lkn3xvbm1bu|49c66ade, idleConnectionTestPeriod -> 0, initialPoolSize -> 3, jdbcUrl -> jdbc:postgresql://localhost:5432/swebcore, maxAdministrativeTaskTime -> 0, maxConnectionAge -> 0, maxIdleTime -> 0, maxIdleTimeExcessConnections -> 0, maxPoolSize -> 15, maxStatements -> 0, maxStatementsPerConnection -> 0, minPoolSize -> 3, numHelperThreads -> 3, numThreadsAwaitingCheckoutDefaultUser -> 0, preferredTestQuery -> null, properties -> {user=******, password=******}, propertyCycle -> 0, testConnectionOnCheckin -> false, testConnectionOnCheckout -> false, unreturnedConnectionTimeout -> 0, usesTraditionalReflectiveProxies -> false ]
2019-08-13 15:14:06,784 WARN [net.sf.ehcache.config.CacheConfiguration] - Cache 'null' is set to eternal but also has TTI/TTL set.  To avoid this warning, clean up the config removing conflicting values of eternal, TTI and TTL. Effective configuration for Cache 'null' will be eternal='true', timeToIdleSeconds='0', timeToLiveSeconds='0'.
2019-08-13 15:15:14,935 INFO [it.unitn.disi.sweb.core.common.config.PropertySourceFactory] - Loading properties 'sweb-default.properties'
   from:   URL [jar:file:/home/simo/.m2/repository/it/unitn/disi/sweb/sweb-commons/2.10.0-SNAPSHOT/sweb-commons-2.10.0-SNAPSHOT.jar!/META-INF/sweb-default.properties]
2019-08-13 15:15:14,937 INFO [it.unitn.disi.sweb.core.common.config.PropertySourceFactory] - Loading properties 'sweb-kb.properties'
   from:   URL [jar:file:/home/simo/.m2/repository/it/unitn/disi/sweb/sweb-kb/2.10.0-SNAPSHOT/sweb-kb-2.10.0-SNAPSHOT.jar!/META-INF/sweb-kb.properties]
2019-08-13 15:15:14,938 INFO [it.unitn.disi.sweb.core.common.config.PropertySourceFactory] - Root path : /home/simo/UniTn/git/db-language-converter/./conf/
2019-08-13 15:15:14,940 INFO [it.unitn.disi.sweb.core.common.config.PropertySourceFactory] - Loading property file 'override.properties'
  from:  /home/simo/UniTn/git/db-language-converter/./conf/override.properties
2019-08-13 15:15:15,158 INFO [com.mchange.v2.log.MLog] - MLog clients using log4j logging.
2019-08-13 15:15:15,337 INFO [com.mchange.v2.c3p0.C3P0Registry] - Initializing c3p0-0.9.1.2 [built 21-May-2007 15:04:56; debug? true; trace: 10]
2019-08-13 15:15:15,612 WARN [org.hibernate.ejb.HibernatePersistence] - HHH015016: Encountered a deprecated javax.persistence.spi.PersistenceProvider [org.hibernate.ejb.HibernatePersistence]; use [org.hibernate.jpa.HibernatePersistenceProvider] instead.
2019-08-13 15:15:16,163 INFO [com.mchange.v2.c3p0.impl.AbstractPoolBackedDataSource] - Initializing c3p0 pool... com.mchange.v2.c3p0.ComboPooledDataSource [ acquireIncrement -> 3, acquireRetryAttempts -> 30, acquireRetryDelay -> 1000, autoCommitOnClose -> false, automaticTestTable -> null, breakAfterAcquireFailure -> false, checkoutTimeout -> 0, connectionCustomizerClassName -> null, connectionTesterClassName -> com.mchange.v2.c3p0.impl.DefaultConnectionTester, dataSourceName -> z8kfsxa412lm4xhz4kem5|6239aba6, debugUnreturnedConnectionStackTraces -> false, description -> null, driverClass -> org.postgresql.Driver, factoryClassLocation -> null, forceIgnoreUnresolvedTransactions -> false, identityToken -> z8kfsxa412lm4xhz4kem5|6239aba6, idleConnectionTestPeriod -> 0, initialPoolSize -> 3, jdbcUrl -> jdbc:postgresql://localhost:5432/swebcore, maxAdministrativeTaskTime -> 0, maxConnectionAge -> 0, maxIdleTime -> 0, maxIdleTimeExcessConnections -> 0, maxPoolSize -> 15, maxStatements -> 0, maxStatementsPerConnection -> 0, minPoolSize -> 3, numHelperThreads -> 3, numThreadsAwaitingCheckoutDefaultUser -> 0, preferredTestQuery -> null, properties -> {user=******, password=******}, propertyCycle -> 0, testConnectionOnCheckin -> false, testConnectionOnCheckout -> false, unreturnedConnectionTimeout -> 0, usesTraditionalReflectiveProxies -> false ]
2019-08-13 15:15:16,876 WARN [net.sf.ehcache.config.CacheConfiguration] - Cache 'null' is set to eternal but also has TTI/TTL set.  To avoid this warning, clean up the config removing conflicting values of eternal, TTI and TTL. Effective configuration for Cache 'null' will be eternal='true', timeToIdleSeconds='0', timeToLiveSeconds='0'.
2019-08-13 15:15:39,302 INFO [it.unitn.disi.sweb.core.common.config.PropertySourceFactory] - Loading properties 'sweb-default.properties'
   from:   URL [jar:file:/home/simo/.m2/repository/it/unitn/disi/sweb/sweb-commons/2.10.0-SNAPSHOT/sweb-commons-2.10.0-SNAPSHOT.jar!/META-INF/sweb-default.properties]
2019-08-13 15:15:39,304 INFO [it.unitn.disi.sweb.core.common.config.PropertySourceFactory] - Loading properties 'sweb-kb.properties'
   from:   URL [jar:file:/home/simo/.m2/repository/it/unitn/disi/sweb/sweb-kb/2.10.0-SNAPSHOT/sweb-kb-2.10.0-SNAPSHOT.jar!/META-INF/sweb-kb.properties]
2019-08-13 15:15:39,305 INFO [it.unitn.disi.sweb.core.common.config.PropertySourceFactory] - Root path : /home/simo/UniTn/git/db-language-converter/./conf/
2019-08-13 15:15:39,306 INFO [it.unitn.disi.sweb.core.common.config.PropertySourceFactory] - Loading property file 'override.properties'
  from:  /home/simo/UniTn/git/db-language-converter/./conf/override.properties
2019-08-13 15:15:39,455 INFO [com.mchange.v2.log.MLog] - MLog clients using log4j logging.
2019-08-13 15:15:39,546 INFO [com.mchange.v2.c3p0.C3P0Registry] - Initializing c3p0-0.9.1.2 [built 21-May-2007 15:04:56; debug? true; trace: 10]
2019-08-13 15:15:39,673 WARN [org.hibernate.ejb.HibernatePersistence] - HHH015016: Encountered a deprecated javax.persistence.spi.PersistenceProvider [org.hibernate.ejb.HibernatePersistence]; use [org.hibernate.jpa.HibernatePersistenceProvider] instead.
2019-08-13 15:15:40,123 INFO [com.mchange.v2.c3p0.impl.AbstractPoolBackedDataSource] - Initializing c3p0 pool... com.mchange.v2.c3p0.ComboPooledDataSource [ acquireIncrement -> 3, acquireRetryAttempts -> 30, acquireRetryDelay -> 1000, autoCommitOnClose -> false, automaticTestTable -> null, breakAfterAcquireFailure -> false, checkoutTimeout -> 0, connectionCustomizerClassName -> null, connectionTesterClassName -> com.mchange.v2.c3p0.impl.DefaultConnectionTester, dataSourceName -> z8kfsxa412lmno81ct0pax|6239aba6, debugUnreturnedConnectionStackTraces -> false, description -> null, driverClass -> org.postgresql.Driver, factoryClassLocation -> null, forceIgnoreUnresolvedTransactions -> false, identityToken -> z8kfsxa412lmno81ct0pax|6239aba6, idleConnectionTestPeriod -> 0, initialPoolSize -> 3, jdbcUrl -> jdbc:postgresql://localhost:5432/swebcore, maxAdministrativeTaskTime -> 0, maxConnectionAge -> 0, maxIdleTime -> 0, maxIdleTimeExcessConnections -> 0, maxPoolSize -> 15, maxStatements -> 0, maxStatementsPerConnection -> 0, minPoolSize -> 3, numHelperThreads -> 3, numThreadsAwaitingCheckoutDefaultUser -> 0, preferredTestQuery -> null, properties -> {user=******, password=******}, propertyCycle -> 0, testConnectionOnCheckin -> false, testConnectionOnCheckout -> false, unreturnedConnectionTimeout -> 0, usesTraditionalReflectiveProxies -> false ]
2019-08-13 15:15:40,914 WARN [net.sf.ehcache.config.CacheConfiguration] - Cache 'null' is set to eternal but also has TTI/TTL set.  To avoid this warning, clean up the config removing conflicting values of eternal, TTI and TTL. Effective configuration for Cache 'null' will be eternal='true', timeToIdleSeconds='0', timeToLiveSeconds='0'.
2019-08-13 15:16:08,990 INFO [it.unitn.disi.sweb.core.common.config.PropertySourceFactory] - Loading properties 'sweb-default.properties'
   from:   URL [jar:file:/home/simo/.m2/repository/it/unitn/disi/sweb/sweb-commons/2.10.0-SNAPSHOT/sweb-commons-2.10.0-SNAPSHOT.jar!/META-INF/sweb-default.properties]
2019-08-13 15:16:08,992 INFO [it.unitn.disi.sweb.core.common.config.PropertySourceFactory] - Loading properties 'sweb-kb.properties'
   from:   URL [jar:file:/home/simo/.m2/repository/it/unitn/disi/sweb/sweb-kb/2.10.0-SNAPSHOT/sweb-kb-2.10.0-SNAPSHOT.jar!/META-INF/sweb-kb.properties]
2019-08-13 15:16:08,993 INFO [it.unitn.disi.sweb.core.common.config.PropertySourceFactory] - Root path : /home/simo/UniTn/git/db-language-converter/./conf/
2019-08-13 15:16:08,994 INFO [it.unitn.disi.sweb.core.common.config.PropertySourceFactory] - Loading property file 'override.properties'
  from:  /home/simo/UniTn/git/db-language-converter/./conf/override.properties
2019-08-13 15:16:09,144 INFO [com.mchange.v2.log.MLog] - MLog clients using log4j logging.
2019-08-13 15:16:09,285 INFO [com.mchange.v2.c3p0.C3P0Registry] - Initializing c3p0-0.9.1.2 [built 21-May-2007 15:04:56; debug? true; trace: 10]
2019-08-13 15:16:09,501 WARN [org.hibernate.ejb.HibernatePersistence] - HHH015016: Encountered a deprecated javax.persistence.spi.PersistenceProvider [org.hibernate.ejb.HibernatePersistence]; use [org.hibernate.jpa.HibernatePersistenceProvider] instead.
2019-08-13 15:16:10,055 INFO [com.mchange.v2.c3p0.impl.AbstractPoolBackedDataSource] - Initializing c3p0 pool... com.mchange.v2.c3p0.ComboPooledDataSource [ acquireIncrement -> 3, acquireRetryAttempts -> 30, acquireRetryDelay -> 1000, autoCommitOnClose -> false, automaticTestTable -> null, breakAfterAcquireFailure -> false, checkoutTimeout -> 0, connectionCustomizerClassName -> null, connectionTesterClassName -> com.mchange.v2.c3p0.impl.DefaultConnectionTester, dataSourceName -> z8kfsxa412lnal0qxwqhb|6239aba6, debugUnreturnedConnectionStackTraces -> false, description -> null, driverClass -> org.postgresql.Driver, factoryClassLocation -> null, forceIgnoreUnresolvedTransactions -> false, identityToken -> z8kfsxa412lnal0qxwqhb|6239aba6, idleConnectionTestPeriod -> 0, initialPoolSize -> 3, jdbcUrl -> jdbc:postgresql://localhost:5432/swebcore, maxAdministrativeTaskTime -> 0, maxConnectionAge -> 0, maxIdleTime -> 0, maxIdleTimeExcessConnections -> 0, maxPoolSize -> 15, maxStatements -> 0, maxStatementsPerConnection -> 0, minPoolSize -> 3, numHelperThreads -> 3, numThreadsAwaitingCheckoutDefaultUser -> 0, preferredTestQuery -> null, properties -> {user=******, password=******}, propertyCycle -> 0, testConnectionOnCheckin -> false, testConnectionOnCheckout -> false, unreturnedConnectionTimeout -> 0, usesTraditionalReflectiveProxies -> false ]
2019-08-13 15:16:10,714 WARN [net.sf.ehcache.config.CacheConfiguration] - Cache 'null' is set to eternal but also has TTI/TTL set.  To avoid this warning, clean up the config removing conflicting values of eternal, TTI and TTL. Effective configuration for Cache 'null' will be eternal='true', timeToIdleSeconds='0', timeToLiveSeconds='0'.
2019-08-13 15:29:21,657 INFO [it.unitn.disi.sweb.core.common.config.PropertySourceFactory] - Loading properties 'sweb-default.properties'
   from:   URL [jar:file:/home/simo/.m2/repository/it/unitn/disi/sweb/sweb-commons/2.10.0-SNAPSHOT/sweb-commons-2.10.0-SNAPSHOT.jar!/META-INF/sweb-default.properties]
2019-08-13 15:29:21,662 INFO [it.unitn.disi.sweb.core.common.config.PropertySourceFactory] - Loading properties 'sweb-kb.properties'
   from:   URL [jar:file:/home/simo/.m2/repository/it/unitn/disi/sweb/sweb-kb/2.10.0-SNAPSHOT/sweb-kb-2.10.0-SNAPSHOT.jar!/META-INF/sweb-kb.properties]
2019-08-13 15:29:21,671 INFO [it.unitn.disi.sweb.core.common.config.PropertySourceFactory] - Root path : /home/simo/UniTn/git/db-language-converter/./conf/
2019-08-13 15:29:21,673 INFO [it.unitn.disi.sweb.core.common.config.PropertySourceFactory] - Loading property file 'override.properties'
  from:  /home/simo/UniTn/git/db-language-converter/./conf/override.properties
2019-08-13 15:29:21,919 INFO [com.mchange.v2.log.MLog] - MLog clients using log4j logging.
2019-08-13 15:29:22,090 INFO [com.mchange.v2.c3p0.C3P0Registry] - Initializing c3p0-0.9.1.2 [built 21-May-2007 15:04:56; debug? true; trace: 10]
2019-08-13 15:29:22,325 WARN [org.hibernate.ejb.HibernatePersistence] - HHH015016: Encountered a deprecated javax.persistence.spi.PersistenceProvider [org.hibernate.ejb.HibernatePersistence]; use [org.hibernate.jpa.HibernatePersistenceProvider] instead.
2019-08-13 15:29:23,012 INFO [com.mchange.v2.c3p0.impl.AbstractPoolBackedDataSource] - Initializing c3p0 pool... com.mchange.v2.c3p0.ComboPooledDataSource [ acquireIncrement -> 3, acquireRetryAttempts -> 30, acquireRetryDelay -> 1000, autoCommitOnClose -> false, automaticTestTable -> null, breakAfterAcquireFailure -> false, checkoutTimeout -> 0, connectionCustomizerClassName -> null, connectionTesterClassName -> com.mchange.v2.c3p0.impl.DefaultConnectionTester, dataSourceName -> z8kfsxa412m4ab51flvdo0|6239aba6, debugUnreturnedConnectionStackTraces -> false, description -> null, driverClass -> org.postgresql.Driver, factoryClassLocation -> null, forceIgnoreUnresolvedTransactions -> false, identityToken -> z8kfsxa412m4ab51flvdo0|6239aba6, idleConnectionTestPeriod -> 0, initialPoolSize -> 3, jdbcUrl -> jdbc:postgresql://localhost:5432/swebcore, maxAdministrativeTaskTime -> 0, maxConnectionAge -> 0, maxIdleTime -> 0, maxIdleTimeExcessConnections -> 0, maxPoolSize -> 15, maxStatements -> 0, maxStatementsPerConnection -> 0, minPoolSize -> 3, numHelperThreads -> 3, numThreadsAwaitingCheckoutDefaultUser -> 0, preferredTestQuery -> null, properties -> {user=******, password=******}, propertyCycle -> 0, testConnectionOnCheckin -> false, testConnectionOnCheckout -> false, unreturnedConnectionTimeout -> 0, usesTraditionalReflectiveProxies -> false ]
2019-08-13 15:29:23,716 WARN [net.sf.ehcache.config.CacheConfiguration] - Cache 'null' is set to eternal but also has TTI/TTL set.  To avoid this warning, clean up the config removing conflicting values of eternal, TTI and TTL. Effective configuration for Cache 'null' will be eternal='true', timeToIdleSeconds='0', timeToLiveSeconds='0'.
